[debug] [2025-03-19T07:40:39.060Z] ----------------------------------------------------------------------
[debug] [2025-03-19T07:40:39.062Z] Command:       C:\Program Files\nodejs\node.exe C:\Users\tengi\AppData\Roaming\npm\node_modules\firebase-tools\lib\bin\firebase.js deploy --only hosting
[debug] [2025-03-19T07:40:39.063Z] CLI Version:   13.29.2
[debug] [2025-03-19T07:40:39.063Z] Platform:      win32
[debug] [2025-03-19T07:40:39.063Z] Node Version:  v20.18.0
[debug] [2025-03-19T07:40:39.063Z] Time:          Wed Mar 19 2025 15:40:39 GMT+0800 (Ulaanbaatar Standard Time)
[debug] [2025-03-19T07:40:39.063Z] ----------------------------------------------------------------------
[debug] 
[debug] [2025-03-19T07:40:39.067Z] >>> [apiv2][query] GET https://firebase-public.firebaseio.com/cli.json [none]
[debug] [2025-03-19T07:40:39.297Z] > command requires scopes: ["email","openid","https://www.googleapis.com/auth/cloudplatformprojects.readonly","https://www.googleapis.com/auth/firebase","https://www.googleapis.com/auth/cloud-platform"]
[debug] [2025-03-19T07:40:39.297Z] > authorizing via signed-in user (tengis1007@gmail.com)
[debug] [2025-03-19T07:40:39.297Z] [iam] checking project a4youandme-store for permissions ["firebase.projects.get","firebasehosting.sites.update"]
[debug] [2025-03-19T07:40:39.298Z] Checked if tokens are valid: false, expires at: 1742366579556
[debug] [2025-03-19T07:40:39.298Z] Checked if tokens are valid: false, expires at: 1742366579556
[debug] [2025-03-19T07:40:39.298Z] > refreshing access token with scopes: []
[debug] [2025-03-19T07:40:39.299Z] >>> [apiv2][query] POST https://www.googleapis.com/oauth2/v3/token [none]
[debug] [2025-03-19T07:40:39.299Z] >>> [apiv2][body] POST https://www.googleapis.com/oauth2/v3/token [omitted]
[debug] [2025-03-19T07:40:39.842Z] <<< [apiv2][status] POST https://www.googleapis.com/oauth2/v3/token 200
[debug] [2025-03-19T07:40:39.842Z] <<< [apiv2][body] POST https://www.googleapis.com/oauth2/v3/token [omitted]
[debug] [2025-03-19T07:40:39.849Z] >>> [apiv2][query] POST https://cloudresourcemanager.googleapis.com/v1/projects/a4youandme-store:testIamPermissions [none]
[debug] [2025-03-19T07:40:39.849Z] >>> [apiv2][(partial)header] POST https://cloudresourcemanager.googleapis.com/v1/projects/a4youandme-store:testIamPermissions x-goog-quota-user=projects/a4youandme-store
[debug] [2025-03-19T07:40:39.849Z] >>> [apiv2][body] POST https://cloudresourcemanager.googleapis.com/v1/projects/a4youandme-store:testIamPermissions {"permissions":["firebase.projects.get","firebasehosting.sites.update"]}
[debug] [2025-03-19T07:40:39.872Z] <<< [apiv2][status] GET https://firebase-public.firebaseio.com/cli.json 200
[debug] [2025-03-19T07:40:39.872Z] <<< [apiv2][body] GET https://firebase-public.firebaseio.com/cli.json {"cloudBuildErrorAfter":1594252800000,"cloudBuildWarnAfter":1590019200000,"defaultNode10After":1594252800000,"minVersion":"3.0.5","node8DeploysDisabledAfter":1613390400000,"node8RuntimeDisabledAfter":1615809600000,"node8WarnAfter":1600128000000}
